
*** Running vivado
    with args -log handshakes.vdi -applog -m64 -product Vivado -messageDb vivado.pb -mode batch -source handshakes.tcl -notrace


****** Vivado v2018.3 (64-bit)
  **** SW Build 2405991 on Thu Dec  6 23:38:27 MST 2018
  **** IP Build 2404404 on Fri Dec  7 01:43:56 MST 2018
    ** Copyright 1986-2018 Xilinx, Inc. All Rights Reserved.

source handshakes.tcl -notrace
Command: link_design -top handshakes -part xc7a35tcpg236-1
Design is defaulting to srcset: sources_1
Design is defaulting to constrset: constrs_1
INFO: [Netlist 29-17] Analyzing 17 Unisim elements for replacement
INFO: [Netlist 29-28] Unisim Transformation completed in 0 CPU seconds
INFO: [Project 1-479] Netlist was created with Vivado 2018.3
INFO: [Device 21-403] Loading part xc7a35tcpg236-1
INFO: [Project 1-570] Preparing netlist for logic optimization
Parsing XDC File [C:/Users/xoepe/Documents/ECEC302/Basys3_Master.xdc]
Finished Parsing XDC File [C:/Users/xoepe/Documents/ECEC302/Basys3_Master.xdc]
INFO: [Opt 31-138] Pushed 0 inverter(s) to 0 load pin(s).
Netlist sorting complete. Time (s): cpu = 00:00:00 ; elapsed = 00:00:00 . Memory (MB): peak = 561.504 ; gain = 0.000
INFO: [Project 1-111] Unisim Transformation Summary:
No Unisim elements were transformed.

7 Infos, 0 Warnings, 0 Critical Warnings and 0 Errors encountered.
link_design completed successfully
link_design: Time (s): cpu = 00:00:04 ; elapsed = 00:00:05 . Memory (MB): peak = 565.516 ; gain = 311.859
Command: opt_design
Attempting to get a license for feature 'Implementation' and/or device 'xc7a35t'
INFO: [Common 17-349] Got license for feature 'Implementation' and/or device 'xc7a35t'
Running DRC as a precondition to command opt_design

Starting DRC Task
INFO: [DRC 23-27] Running DRC with 2 threads
INFO: [Project 1-461] DRC finished with 0 Errors
INFO: [Project 1-462] Please refer to the DRC report (report_drc) for more information.

Time (s): cpu = 00:00:01 ; elapsed = 00:00:00.511 . Memory (MB): peak = 574.547 ; gain = 9.031

Starting Cache Timing Information Task
INFO: [Timing 38-35] Done setting XDC timing constraints.
Ending Cache Timing Information Task | Checksum: 23aee6c29

Time (s): cpu = 00:00:08 ; elapsed = 00:00:08 . Memory (MB): peak = 1123.145 ; gain = 548.598

Starting Logic Optimization Task

Phase 1 Retarget
INFO: [Opt 31-138] Pushed 0 inverter(s) to 0 load pin(s).
INFO: [Opt 31-49] Retargeted 0 cell(s).
Phase 1 Retarget | Checksum: 23aee6c29

Time (s): cpu = 00:00:00 ; elapsed = 00:00:00.015 . Memory (MB): peak = 1218.371 ; gain = 0.000
INFO: [Opt 31-389] Phase Retarget created 0 cells and removed 0 cells

Phase 2 Constant propagation
INFO: [Opt 31-138] Pushed 0 inverter(s) to 0 load pin(s).
Phase 2 Constant propagation | Checksum: 23aee6c29

Time (s): cpu = 00:00:00 ; elapsed = 00:00:00.018 . Memory (MB): peak = 1218.371 ; gain = 0.000
INFO: [Opt 31-389] Phase Constant propagation created 0 cells and removed 0 cells

Phase 3 Sweep
Phase 3 Sweep | Checksum: 1e2632de8

Time (s): cpu = 00:00:00 ; elapsed = 00:00:00.023 . Memory (MB): peak = 1218.371 ; gain = 0.000
INFO: [Opt 31-389] Phase Sweep created 0 cells and removed 0 cells

Phase 4 BUFG optimization
Phase 4 BUFG optimization | Checksum: 1e2632de8

Time (s): cpu = 00:00:00 ; elapsed = 00:00:00.030 . Memory (MB): peak = 1218.371 ; gain = 0.000
INFO: [Opt 31-662] Phase BUFG optimization created 0 cells of which 0 are BUFGs and removed 0 cells.

Phase 5 Shift Register Optimization
Phase 5 Shift Register Optimization | Checksum: 2b2ccd818

Time (s): cpu = 00:00:00 ; elapsed = 00:00:00.058 . Memory (MB): peak = 1218.371 ; gain = 0.000
INFO: [Opt 31-389] Phase Shift Register Optimization created 0 cells and removed 0 cells

Phase 6 Post Processing Netlist
Phase 6 Post Processing Netlist | Checksum: 2b2ccd818

Time (s): cpu = 00:00:00 ; elapsed = 00:00:00.061 . Memory (MB): peak = 1218.371 ; gain = 0.000
INFO: [Opt 31-389] Phase Post Processing Netlist created 0 cells and removed 0 cells
Opt_design Change Summary
=========================


-------------------------------------------------------------------------------------------------------------------------
|  Phase                        |  #Cells created  |  #Cells Removed  |  #Constrained objects preventing optimizations  |
-------------------------------------------------------------------------------------------------------------------------
|  Retarget                     |               0  |               0  |                                              0  |
|  Constant propagation         |               0  |               0  |                                              0  |
|  Sweep                        |               0  |               0  |                                              0  |
|  BUFG optimization            |               0  |               0  |                                              0  |
|  Shift Register Optimization  |               0  |               0  |                                              0  |
|  Post Processing Netlist      |               0  |               0  |                                              0  |
-------------------------------------------------------------------------------------------------------------------------



Starting Connectivity Check Task

Time (s): cpu = 00:00:00 ; elapsed = 00:00:00 . Memory (MB): peak = 1218.371 ; gain = 0.000
Ending Logic Optimization Task | Checksum: 2b2ccd818

Time (s): cpu = 00:00:00 ; elapsed = 00:00:00.063 . Memory (MB): peak = 1218.371 ; gain = 0.000

Starting Power Optimization Task
INFO: [Pwropt 34-132] Skipping clock gating for clocks with a period < 2.00 ns.
Ending Power Optimization Task | Checksum: 2b2ccd818

Time (s): cpu = 00:00:00 ; elapsed = 00:00:00.006 . Memory (MB): peak = 1218.371 ; gain = 0.000

Starting Final Cleanup Task
Ending Final Cleanup Task | Checksum: 2b2ccd818

Time (s): cpu = 00:00:00 ; elapsed = 00:00:00 . Memory (MB): peak = 1218.371 ; gain = 0.000

Starting Netlist Obfuscation Task
Netlist sorting complete. Time (s): cpu = 00:00:00 ; elapsed = 00:00:00.001 . Memory (MB): peak = 1218.371 ; gain = 0.000
Ending Netlist Obfuscation Task | Checksum: 2b2ccd818

Time (s): cpu = 00:00:00 ; elapsed = 00:00:00.001 . Memory (MB): peak = 1218.371 ; gain = 0.000
INFO: [Common 17-83] Releasing license: Implementation
23 Infos, 0 Warnings, 0 Critical Warnings and 0 Errors encountered.
opt_design completed successfully
opt_design: Time (s): cpu = 00:00:10 ; elapsed = 00:00:09 . Memory (MB): peak = 1218.371 ; gain = 652.855
Netlist sorting complete. Time (s): cpu = 00:00:00 ; elapsed = 00:00:00 . Memory (MB): peak = 1218.371 ; gain = 0.000
INFO: [Timing 38-480] Writing timing data to binary archive.
Writing placer database...
Writing XDEF routing.
Writing XDEF routing logical nets.
Writing XDEF routing special nets.
Write XDEF Complete: Time (s): cpu = 00:00:00 ; elapsed = 00:00:00.032 . Memory (MB): peak = 1218.371 ; gain = 0.000
Netlist sorting complete. Time (s): cpu = 00:00:00 ; elapsed = 00:00:00 . Memory (MB): peak = 1218.371 ; gain = 0.000
INFO: [Common 17-1381] The checkpoint 'C:/Users/xoepe/Documents/ECEC302/L10/handshake/handshake.runs/impl_1/handshakes_opt.dcp' has been generated.
INFO: [runtcl-4] Executing : report_drc -file handshakes_drc_opted.rpt -pb handshakes_drc_opted.pb -rpx handshakes_drc_opted.rpx
Command: report_drc -file handshakes_drc_opted.rpt -pb handshakes_drc_opted.pb -rpx handshakes_drc_opted.rpx
INFO: [IP_Flow 19-234] Refreshing IP repositories
INFO: [IP_Flow 19-1704] No user IP repositories specified
INFO: [IP_Flow 19-2313] Loaded Vivado IP repository 'C:/Xilinx/Vivado/2018.3/data/ip'.
INFO: [DRC 23-27] Running DRC with 2 threads
INFO: [Coretcl 2-168] The results of DRC are in file C:/Users/xoepe/Documents/ECEC302/L10/handshake/handshake.runs/impl_1/handshakes_drc_opted.rpt.
report_drc completed successfully
Command: place_design
Attempting to get a license for feature 'Implementation' and/or device 'xc7a35t'
INFO: [Common 17-349] Got license for feature 'Implementation' and/or device 'xc7a35t'
INFO: [DRC 23-27] Running DRC with 2 threads
INFO: [Vivado_Tcl 4-198] DRC finished with 0 Errors
INFO: [Vivado_Tcl 4-199] Please refer to the DRC report (report_drc) for more information.
Running DRC as a precondition to command place_design
INFO: [DRC 23-27] Running DRC with 2 threads
INFO: [Vivado_Tcl 4-198] DRC finished with 0 Errors
INFO: [Vivado_Tcl 4-199] Please refer to the DRC report (report_drc) for more information.

Starting Placer Task
INFO: [Place 30-611] Multithreading enabled for place_design using a maximum of 2 CPUs

Phase 1 Placer Initialization

Phase 1.1 Placer Initialization Netlist Sorting
Netlist sorting complete. Time (s): cpu = 00:00:00 ; elapsed = 00:00:00 . Memory (MB): peak = 1218.371 ; gain = 0.000
Phase 1.1 Placer Initialization Netlist Sorting | Checksum: 1b58b4efa

Time (s): cpu = 00:00:00 ; elapsed = 00:00:00.003 . Memory (MB): peak = 1218.371 ; gain = 0.000
Netlist sorting complete. Time (s): cpu = 00:00:00 ; elapsed = 00:00:00 . Memory (MB): peak = 1218.371 ; gain = 0.000

Phase 1.2 IO Placement/ Clock Placement/ Build Placer Device
INFO: [Timing 38-35] Done setting XDC timing constraints.
Phase 1.2 IO Placement/ Clock Placement/ Build Placer Device | Checksum: da873ecb

Time (s): cpu = 00:00:01 ; elapsed = 00:00:00.467 . Memory (MB): peak = 1218.371 ; gain = 0.000

Phase 1.3 Build Placer Netlist Model
Phase 1.3 Build Placer Netlist Model | Checksum: 1682d32a2

Time (s): cpu = 00:00:01 ; elapsed = 00:00:00.488 . Memory (MB): peak = 1218.371 ; gain = 0.000

Phase 1.4 Constrain Clocks/Macros
Phase 1.4 Constrain Clocks/Macros | Checksum: 1682d32a2

Time (s): cpu = 00:00:01 ; elapsed = 00:00:00.490 . Memory (MB): peak = 1218.371 ; gain = 0.000
Phase 1 Placer Initialization | Checksum: 1682d32a2

Time (s): cpu = 00:00:01 ; elapsed = 00:00:00.490 . Memory (MB): peak = 1218.371 ; gain = 0.000

Phase 2 Global Placement

Phase 2.1 Floorplanning
Phase 2.1 Floorplanning | Checksum: 1682d32a2

Time (s): cpu = 00:00:01 ; elapsed = 00:00:00.493 . Memory (MB): peak = 1218.371 ; gain = 0.000
WARNING: [Place 46-29] place_design is not in timing mode. Skip physical synthesis in placer
Phase 2 Global Placement | Checksum: f4c5020e

Time (s): cpu = 00:00:02 ; elapsed = 00:00:00.691 . Memory (MB): peak = 1218.883 ; gain = 0.512

Phase 3 Detail Placement

Phase 3.1 Commit Multi Column Macros
Phase 3.1 Commit Multi Column Macros | Checksum: f4c5020e

Time (s): cpu = 00:00:02 ; elapsed = 00:00:00.693 . Memory (MB): peak = 1218.883 ; gain = 0.512

Phase 3.2 Commit Most Macros & LUTRAMs
Phase 3.2 Commit Most Macros & LUTRAMs | Checksum: 124397bb7

Time (s): cpu = 00:00:02 ; elapsed = 00:00:00.707 . Memory (MB): peak = 1218.883 ; gain = 0.512

Phase 3.3 Area Swap Optimization
Phase 3.3 Area Swap Optimization | Checksum: 1685f47ef

Time (s): cpu = 00:00:02 ; elapsed = 00:00:00.713 . Memory (MB): peak = 1218.883 ; gain = 0.512

Phase 3.4 Pipeline Register Optimization
Phase 3.4 Pipeline Register Optimization | Checksum: 1685f47ef

Time (s): cpu = 00:00:02 ; elapsed = 00:00:00.714 . Memory (MB): peak = 1218.883 ; gain = 0.512

Phase 3.5 Small Shape Detail Placement
Phase 3.5 Small Shape Detail Placement | Checksum: 1288503b6

Time (s): cpu = 00:00:02 ; elapsed = 00:00:00.810 . Memory (MB): peak = 1221.617 ; gain = 3.246

Phase 3.6 Re-assign LUT pins
Phase 3.6 Re-assign LUT pins | Checksum: 1288503b6

Time (s): cpu = 00:00:02 ; elapsed = 00:00:00.823 . Memory (MB): peak = 1221.617 ; gain = 3.246

Phase 3.7 Pipeline Register Optimization
Phase 3.7 Pipeline Register Optimization | Checksum: 1288503b6

Time (s): cpu = 00:00:02 ; elapsed = 00:00:00.824 . Memory (MB): peak = 1221.617 ; gain = 3.246
Phase 3 Detail Placement | Checksum: 1288503b6

Time (s): cpu = 00:00:02 ; elapsed = 00:00:00.825 . Memory (MB): peak = 1221.617 ; gain = 3.246

Phase 4 Post Placement Optimization and Clean-Up

Phase 4.1 Post Commit Optimization
Phase 4.1 Post Commit Optimization | Checksum: 1288503b6

Time (s): cpu = 00:00:02 ; elapsed = 00:00:00.828 . Memory (MB): peak = 1221.617 ; gain = 3.246

Phase 4.2 Post Placement Cleanup
Phase 4.2 Post Placement Cleanup | Checksum: 1288503b6

Time (s): cpu = 00:00:02 ; elapsed = 00:00:00.831 . Memory (MB): peak = 1221.617 ; gain = 3.246

Phase 4.3 Placer Reporting
Phase 4.3 Placer Reporting | Checksum: 1288503b6

Time (s): cpu = 00:00:02 ; elapsed = 00:00:00.832 . Memory (MB): peak = 1221.617 ; gain = 3.246

Phase 4.4 Final Placement Cleanup
Netlist sorting complete. Time (s): cpu = 00:00:00 ; elapsed = 00:00:00 . Memory (MB): peak = 1221.617 ; gain = 0.000
Phase 4.4 Final Placement Cleanup | Checksum: 1158fbe9c

Time (s): cpu = 00:00:02 ; elapsed = 00:00:00.833 . Memory (MB): peak = 1221.617 ; gain = 3.246
Phase 4 Post Placement Optimization and Clean-Up | Checksum: 1158fbe9c

Time (s): cpu = 00:00:02 ; elapsed = 00:00:00.834 . Memory (MB): peak = 1221.617 ; gain = 3.246
Ending Placer Task | Checksum: f1f60b86

Time (s): cpu = 00:00:02 ; elapsed = 00:00:00.837 . Memory (MB): peak = 1221.617 ; gain = 3.246
INFO: [Common 17-83] Releasing license: Implementation
41 Infos, 1 Warnings, 0 Critical Warnings and 0 Errors encountered.
place_design completed successfully
Netlist sorting complete. Time (s): cpu = 00:00:00 ; elapsed = 00:00:00 . Memory (MB): peak = 1221.617 ; gain = 0.000
INFO: [Timing 38-480] Writing timing data to binary archive.
Writing placer database...
Writing XDEF routing.
Writing XDEF routing logical nets.
Writing XDEF routing special nets.
Write XDEF Complete: Time (s): cpu = 00:00:00 ; elapsed = 00:00:00.045 . Memory (MB): peak = 1225.145 ; gain = 3.527
Netlist sorting complete. Time (s): cpu = 00:00:00 ; elapsed = 00:00:00 . Memory (MB): peak = 1228.152 ; gain = 0.000
INFO: [Common 17-1381] The checkpoint 'C:/Users/xoepe/Documents/ECEC302/L10/handshake/handshake.runs/impl_1/handshakes_placed.dcp' has been generated.
INFO: [runtcl-4] Executing : report_io -file handshakes_io_placed.rpt
report_io: Time (s): cpu = 00:00:00 ; elapsed = 00:00:00.040 . Memory (MB): peak = 1230.262 ; gain = 0.000
INFO: [runtcl-4] Executing : report_utilization -file handshakes_utilization_placed.rpt -pb handshakes_utilization_placed.pb
INFO: [runtcl-4] Executing : report_control_sets -verbose -file handshakes_control_sets_placed.rpt
report_control_sets: Time (s): cpu = 00:00:00 ; elapsed = 00:00:00.004 . Memory (MB): peak = 1230.262 ; gain = 0.000
Command: route_design
Attempting to get a license for feature 'Implementation' and/or device 'xc7a35t'
INFO: [Common 17-349] Got license for feature 'Implementation' and/or device 'xc7a35t'
Running DRC as a precondition to command route_design
INFO: [DRC 23-27] Running DRC with 2 threads
INFO: [Vivado_Tcl 4-198] DRC finished with 0 Errors
INFO: [Vivado_Tcl 4-199] Please refer to the DRC report (report_drc) for more information.


Starting Routing Task
INFO: [Route 35-254] Multithreading enabled for route_design using a maximum of 2 CPUs
Checksum: PlaceDB: cebb388e ConstDB: 0 ShapeSum: 233ad2f8 RouteDB: 0

Phase 1 Build RT Design
Phase 1 Build RT Design | Checksum: 13db02b20

Time (s): cpu = 00:00:18 ; elapsed = 00:00:16 . Memory (MB): peak = 1349.598 ; gain = 119.336
Post Restoration Checksum: NetGraph: 7009fc73 NumContArr: cda62ead Constraints: 0 Timing: 0

Phase 2 Router Initialization
INFO: [Route 35-64] No timing constraints were detected. The router will operate in resource-optimization mode.

Phase 2.1 Fix Topology Constraints
Phase 2.1 Fix Topology Constraints | Checksum: 13db02b20

Time (s): cpu = 00:00:18 ; elapsed = 00:00:17 . Memory (MB): peak = 1355.590 ; gain = 125.328

Phase 2.2 Pre Route Cleanup
Phase 2.2 Pre Route Cleanup | Checksum: 13db02b20

Time (s): cpu = 00:00:18 ; elapsed = 00:00:17 . Memory (MB): peak = 1355.590 ; gain = 125.328
 Number of Nodes with overlaps = 0
Phase 2 Router Initialization | Checksum: 16a9f8336

Time (s): cpu = 00:00:19 ; elapsed = 00:00:17 . Memory (MB): peak = 1367.016 ; gain = 136.754

Phase 3 Initial Routing
Phase 3 Initial Routing | Checksum: 1646b0f93

Time (s): cpu = 00:00:19 ; elapsed = 00:00:17 . Memory (MB): peak = 1367.016 ; gain = 136.754

Phase 4 Rip-up And Reroute

Phase 4.1 Global Iteration 0
 Number of Nodes with overlaps = 3
 Number of Nodes with overlaps = 0
Phase 4.1 Global Iteration 0 | Checksum: 0beab830

Time (s): cpu = 00:00:19 ; elapsed = 00:00:17 . Memory (MB): peak = 1367.016 ; gain = 136.754
Phase 4 Rip-up And Reroute | Checksum: 0beab830

Time (s): cpu = 00:00:19 ; elapsed = 00:00:17 . Memory (MB): peak = 1367.016 ; gain = 136.754

Phase 5 Delay and Skew Optimization
Phase 5 Delay and Skew Optimization | Checksum: 0beab830

Time (s): cpu = 00:00:19 ; elapsed = 00:00:17 . Memory (MB): peak = 1367.016 ; gain = 136.754

Phase 6 Post Hold Fix

Phase 6.1 Hold Fix Iter
Phase 6.1 Hold Fix Iter | Checksum: 0beab830

Time (s): cpu = 00:00:19 ; elapsed = 00:00:17 . Memory (MB): peak = 1367.016 ; gain = 136.754
Phase 6 Post Hold Fix | Checksum: 0beab830

Time (s): cpu = 00:00:19 ; elapsed = 00:00:17 . Memory (MB): peak = 1367.016 ; gain = 136.754

Phase 7 Route finalize

Router Utilization Summary
  Global Vertical Routing Utilization    = 0.106354 %
  Global Horizontal Routing Utilization  = 0.0670224 %
  Routable Net Status*
  *Does not include unroutable nets such as driverless and loadless.
  Run report_route_status for detailed report.
  Number of Failed Nets               = 0
  Number of Unrouted Nets             = 0
  Number of Partially Routed Nets     = 0
  Number of Node Overlaps             = 0

Congestion Report
North Dir 1x1 Area, Max Cong = 19.8198%, No Congested Regions.
South Dir 1x1 Area, Max Cong = 21.6216%, No Congested Regions.
East Dir 1x1 Area, Max Cong = 17.6471%, No Congested Regions.
West Dir 1x1 Area, Max Cong = 17.6471%, No Congested Regions.

------------------------------
Reporting congestion hotspots
------------------------------
Direction: North
----------------
Congested clusters found at Level 0
Effective congestion level: 0 Aspect Ratio: 1 Sparse Ratio: 0
Direction: South
----------------
Congested clusters found at Level 0
Effective congestion level: 0 Aspect Ratio: 1 Sparse Ratio: 0
Direction: East
----------------
Congested clusters found at Level 0
Effective congestion level: 0 Aspect Ratio: 1 Sparse Ratio: 0
Direction: West
----------------
Congested clusters found at Level 0
Effective congestion level: 0 Aspect Ratio: 1 Sparse Ratio: 0

Phase 7 Route finalize | Checksum: 0beab830

Time (s): cpu = 00:00:19 ; elapsed = 00:00:17 . Memory (MB): peak = 1367.016 ; gain = 136.754

Phase 8 Verifying routed nets

 Verification completed successfully
Phase 8 Verifying routed nets | Checksum: 0beab830

Time (s): cpu = 00:00:19 ; elapsed = 00:00:17 . Memory (MB): peak = 1367.016 ; gain = 136.754

Phase 9 Depositing Routes
Phase 9 Depositing Routes | Checksum: e7823016

Time (s): cpu = 00:00:19 ; elapsed = 00:00:17 . Memory (MB): peak = 1367.016 ; gain = 136.754
INFO: [Route 35-16] Router Completed Successfully

Time (s): cpu = 00:00:19 ; elapsed = 00:00:17 . Memory (MB): peak = 1367.016 ; gain = 136.754

Routing Is Done.
INFO: [Common 17-83] Releasing license: Implementation
54 Infos, 1 Warnings, 0 Critical Warnings and 0 Errors encountered.
route_design completed successfully
route_design: Time (s): cpu = 00:00:20 ; elapsed = 00:00:17 . Memory (MB): peak = 1367.016 ; gain = 136.754
Netlist sorting complete. Time (s): cpu = 00:00:00 ; elapsed = 00:00:00 . Memory (MB): peak = 1367.016 ; gain = 0.000
INFO: [Timing 38-480] Writing timing data to binary archive.
Writing placer database...
Writing XDEF routing.
Writing XDEF routing logical nets.
Writing XDEF routing special nets.
Write XDEF Complete: Time (s): cpu = 00:00:00 ; elapsed = 00:00:00.048 . Memory (MB): peak = 1367.016 ; gain = 0.000
Netlist sorting complete. Time (s): cpu = 00:00:00 ; elapsed = 00:00:00 . Memory (MB): peak = 1367.016 ; gain = 0.000
INFO: [Common 17-1381] The checkpoint 'C:/Users/xoepe/Documents/ECEC302/L10/handshake/handshake.runs/impl_1/handshakes_routed.dcp' has been generated.
INFO: [runtcl-4] Executing : report_drc -file handshakes_drc_routed.rpt -pb handshakes_drc_routed.pb -rpx handshakes_drc_routed.rpx
Command: report_drc -file handshakes_drc_routed.rpt -pb handshakes_drc_routed.pb -rpx handshakes_drc_routed.rpx
INFO: [IP_Flow 19-1839] IP Catalog is up to date.
INFO: [DRC 23-27] Running DRC with 2 threads
INFO: [Coretcl 2-168] The results of DRC are in file C:/Users/xoepe/Documents/ECEC302/L10/handshake/handshake.runs/impl_1/handshakes_drc_routed.rpt.
report_drc completed successfully
INFO: [runtcl-4] Executing : report_methodology -file handshakes_methodology_drc_routed.rpt -pb handshakes_methodology_drc_routed.pb -rpx handshakes_methodology_drc_routed.rpx
Command: report_methodology -file handshakes_methodology_drc_routed.rpt -pb handshakes_methodology_drc_routed.pb -rpx handshakes_methodology_drc_routed.rpx
INFO: [Timing 38-35] Done setting XDC timing constraints.
INFO: [DRC 23-133] Running Methodology with 2 threads
INFO: [Coretcl 2-1520] The results of Report Methodology are in file C:/Users/xoepe/Documents/ECEC302/L10/handshake/handshake.runs/impl_1/handshakes_methodology_drc_routed.rpt.
report_methodology completed successfully
INFO: [runtcl-4] Executing : report_power -file handshakes_power_routed.rpt -pb handshakes_power_summary_routed.pb -rpx handshakes_power_routed.rpx
Command: report_power -file handshakes_power_routed.rpt -pb handshakes_power_summary_routed.pb -rpx handshakes_power_routed.rpx
WARNING: [Power 33-232] No user defined clocks were found in the design!
Resolution: Please specify clocks using create_clock/create_generated_clock for sequential elements. For pure combinatorial circuits, please specify a virtual clock, otherwise the vectorless estimation might be inaccurate
INFO: [Timing 38-35] Done setting XDC timing constraints.
Running Vector-less Activity Propagation...

Finished Running Vector-less Activity Propagation
66 Infos, 2 Warnings, 0 Critical Warnings and 0 Errors encountered.
report_power completed successfully
INFO: [runtcl-4] Executing : report_route_status -file handshakes_route_status.rpt -pb handshakes_route_status.pb
INFO: [runtcl-4] Executing : report_timing_summary -max_paths 10 -file handshakes_timing_summary_routed.rpt -pb handshakes_timing_summary_routed.pb -rpx handshakes_timing_summary_routed.rpx -warn_on_violation 
INFO: [Timing 38-91] UpdateTimingParams: Speed grade: -1, Delay Type: min_max.
INFO: [Timing 38-191] Multithreading enabled for timing update using a maximum of 2 CPUs
WARNING: [Timing 38-313] There are no user specified timing constraints. Timing constraints are needed for proper timing analysis.
INFO: [runtcl-4] Executing : report_incremental_reuse -file handshakes_incremental_reuse_routed.rpt
INFO: [Vivado_Tcl 4-1062] Incremental flow is disabled. No incremental reuse Info to report.
INFO: [runtcl-4] Executing : report_clock_utilization -file handshakes_clock_utilization_routed.rpt
INFO: [runtcl-4] Executing : report_bus_skew -warn_on_violation -file handshakes_bus_skew_routed.rpt -pb handshakes_bus_skew_routed.pb -rpx handshakes_bus_skew_routed.rpx
INFO: [Timing 38-91] UpdateTimingParams: Speed grade: -1, Delay Type: min_max.
INFO: [Timing 38-191] Multithreading enabled for timing update using a maximum of 2 CPUs
Command: write_bitstream -force handshakes.bit
Attempting to get a license for feature 'Implementation' and/or device 'xc7a35t'
INFO: [Common 17-349] Got license for feature 'Implementation' and/or device 'xc7a35t'
Running DRC as a precondition to command write_bitstream
INFO: [IP_Flow 19-1839] IP Catalog is up to date.
INFO: [DRC 23-27] Running DRC with 2 threads
INFO: [Vivado 12-3199] DRC finished with 0 Errors
INFO: [Vivado 12-3200] Please refer to the DRC report (report_drc) for more information.
INFO: [Designutils 20-2272] Running write_bitstream with 2 threads.
Loading data files...
Loading site data...
Loading route data...
Processing options...
Creating bitmap...
Creating bitstream...
Writing bitstream ./handshakes.bit...
INFO: [Vivado 12-1842] Bitgen Completed Successfully.
INFO: [Project 1-120] WebTalk data collection is mandatory when using a WebPACK part without a full Vivado license. To see the specific WebTalk data collected for your design, open the usage_statistics_webtalk.html or usage_statistics_webtalk.xml file in the implementation directory.
INFO: [Common 17-186] 'C:/Users/xoepe/Documents/ECEC302/L10/handshake/handshake.runs/impl_1/usage_statistics_webtalk.xml' has been successfully sent to Xilinx on Mon Jun  3 19:51:43 2019. For additional details about this file, please refer to the WebTalk help file at C:/Xilinx/Vivado/2018.3/doc/webtalk_introduction.html.
INFO: [Common 17-83] Releasing license: Implementation
86 Infos, 3 Warnings, 0 Critical Warnings and 0 Errors encountered.
write_bitstream completed successfully
write_bitstream: Time (s): cpu = 00:00:11 ; elapsed = 00:00:11 . Memory (MB): peak = 1826.313 ; gain = 399.875
INFO: [Common 17-206] Exiting Vivado at Mon Jun  3 19:51:43 2019...
