
*** Running vivado
    with args -log FIFO16x4.vds -m64 -product Vivado -mode batch -messageDb vivado.pb -notrace -source FIFO16x4.tcl


****** Vivado v2018.3 (64-bit)
  **** SW Build 2405991 on Thu Dec  6 23:38:27 MST 2018
  **** IP Build 2404404 on Fri Dec  7 01:43:56 MST 2018
    ** Copyright 1986-2018 Xilinx, Inc. All Rights Reserved.

source FIFO16x4.tcl -notrace
Command: synth_design -top FIFO16x4 -part xc7a35tcpg236-1
Starting synth_design
Attempting to get a license for feature 'Synthesis' and/or device 'xc7a35t'
INFO: [Common 17-349] Got license for feature 'Synthesis' and/or device 'xc7a35t'
INFO: Launching helper process for spawning children vivado processes
INFO: Helper process launched with PID 6440 
---------------------------------------------------------------------------------
Starting RTL Elaboration : Time (s): cpu = 00:00:04 ; elapsed = 00:00:04 . Memory (MB): peak = 396.836 ; gain = 102.805
---------------------------------------------------------------------------------
INFO: [Synth 8-638] synthesizing module 'FIFO16x4' [C:/Users/xoepe/Documents/ECEC302/HW7/fifo4x16/fifo4x16.srcs/sources_1/new/FIFO16x4.vhd:41]
INFO: [Synth 8-3491] module 'fifo_generator_0' declared at 'C:/Users/xoepe/Documents/ECEC302/HW7/fifo4x16/fifo4x16.runs/synth_1/.Xil/Vivado-9456-DESKTOP-6BMKAM4/realtime/fifo_generator_0_stub.v:6' bound to instance 'U1' of component 'fifo_generator_0' [C:/Users/xoepe/Documents/ECEC302/HW7/fifo4x16/fifo4x16.srcs/sources_1/new/FIFO16x4.vhd:59]
INFO: [Synth 8-6157] synthesizing module 'fifo_generator_0' [C:/Users/xoepe/Documents/ECEC302/HW7/fifo4x16/fifo4x16.runs/synth_1/.Xil/Vivado-9456-DESKTOP-6BMKAM4/realtime/fifo_generator_0_stub.v:6]
INFO: [Synth 8-6155] done synthesizing module 'fifo_generator_0' (1#1) [C:/Users/xoepe/Documents/ECEC302/HW7/fifo4x16/fifo4x16.runs/synth_1/.Xil/Vivado-9456-DESKTOP-6BMKAM4/realtime/fifo_generator_0_stub.v:6]
INFO: [Synth 8-256] done synthesizing module 'FIFO16x4' (2#1) [C:/Users/xoepe/Documents/ECEC302/HW7/fifo4x16/fifo4x16.srcs/sources_1/new/FIFO16x4.vhd:41]
---------------------------------------------------------------------------------
Finished RTL Elaboration : Time (s): cpu = 00:00:05 ; elapsed = 00:00:05 . Memory (MB): peak = 453.016 ; gain = 158.984
---------------------------------------------------------------------------------

Report Check Netlist: 
+------+------------------+-------+---------+-------+------------------+
|      |Item              |Errors |Warnings |Status |Description       |
+------+------------------+-------+---------+-------+------------------+
|1     |multi_driven_nets |      0|        0|Passed |Multi driven nets |
+------+------------------+-------+---------+-------+------------------+
---------------------------------------------------------------------------------
Start Handling Custom Attributes
---------------------------------------------------------------------------------
---------------------------------------------------------------------------------
Finished Handling Custom Attributes : Time (s): cpu = 00:00:05 ; elapsed = 00:00:06 . Memory (MB): peak = 453.016 ; gain = 158.984
---------------------------------------------------------------------------------
---------------------------------------------------------------------------------
Finished RTL Optimization Phase 1 : Time (s): cpu = 00:00:05 ; elapsed = 00:00:06 . Memory (MB): peak = 453.016 ; gain = 158.984
---------------------------------------------------------------------------------
INFO: [Device 21-403] Loading part xc7a35tcpg236-1
INFO: [Project 1-570] Preparing netlist for logic optimization

Processing XDC Constraints
Initializing timing engine
Parsing XDC File [c:/Users/xoepe/Documents/ECEC302/HW7/fifo4x16/fifo4x16.srcs/sources_1/ip/fifo_generator_0/fifo_generator_0/fifo_generator_0_in_context.xdc] for cell 'U1'
Finished Parsing XDC File [c:/Users/xoepe/Documents/ECEC302/HW7/fifo4x16/fifo4x16.srcs/sources_1/ip/fifo_generator_0/fifo_generator_0/fifo_generator_0_in_context.xdc] for cell 'U1'
Parsing XDC File [C:/Users/xoepe/Documents/ECEC302/HW7/fifo4x16/fifo4x16.srcs/constrs_1/imports/ECEC302/Basys3_Master.xdc]
Finished Parsing XDC File [C:/Users/xoepe/Documents/ECEC302/HW7/fifo4x16/fifo4x16.srcs/constrs_1/imports/ECEC302/Basys3_Master.xdc]
INFO: [Project 1-236] Implementation specific constraints were found while reading constraint file [C:/Users/xoepe/Documents/ECEC302/HW7/fifo4x16/fifo4x16.srcs/constrs_1/imports/ECEC302/Basys3_Master.xdc]. These constraints will be ignored for synthesis but will be used in implementation. Impacted constraints are listed in the file [.Xil/FIFO16x4_propImpl.xdc].
Resolution: To avoid this warning, move constraints listed in [.Xil/FIFO16x4_propImpl.xdc] to another XDC file and exclude this new file from synthesis with the used_in_synthesis property (File Properties dialog in GUI) and re-run elaboration/synthesis.
Netlist sorting complete. Time (s): cpu = 00:00:00 ; elapsed = 00:00:00 . Memory (MB): peak = 741.828 ; gain = 0.000
Completed Processing XDC Constraints

Netlist sorting complete. Time (s): cpu = 00:00:00 ; elapsed = 00:00:00 . Memory (MB): peak = 741.828 ; gain = 0.000
INFO: [Project 1-111] Unisim Transformation Summary:
No Unisim elements were transformed.

Netlist sorting complete. Time (s): cpu = 00:00:00 ; elapsed = 00:00:00 . Memory (MB): peak = 741.828 ; gain = 0.000
Constraint Validation Runtime : Time (s): cpu = 00:00:00 ; elapsed = 00:00:00.006 . Memory (MB): peak = 741.828 ; gain = 0.000
---------------------------------------------------------------------------------
Finished Constraint Validation : Time (s): cpu = 00:00:15 ; elapsed = 00:00:18 . Memory (MB): peak = 741.828 ; gain = 447.797
---------------------------------------------------------------------------------
---------------------------------------------------------------------------------
Start Loading Part and Timing Information
---------------------------------------------------------------------------------
Loading part: xc7a35tcpg236-1
---------------------------------------------------------------------------------
Finished Loading Part and Timing Information : Time (s): cpu = 00:00:15 ; elapsed = 00:00:18 . Memory (MB): peak = 741.828 ; gain = 447.797
---------------------------------------------------------------------------------
---------------------------------------------------------------------------------
Start Applying 'set_property' XDC Constraints
---------------------------------------------------------------------------------
Applied set_property DONT_TOUCH = true for U1. (constraint file  auto generated constraint, line ).
---------------------------------------------------------------------------------
Finished applying 'set_property' XDC Constraints : Time (s): cpu = 00:00:15 ; elapsed = 00:00:18 . Memory (MB): peak = 741.828 ; gain = 447.797
---------------------------------------------------------------------------------
INFO: [Synth 8-802] inferred FSM for state register 'db_ns_reg' in module 'FIFO16x4'
INFO: [Synth 8-5545] ROM "en" won't be mapped to RAM because address size (32) is larger than maximum supported(25)
INFO: [Synth 8-5545] ROM "counter" won't be mapped to RAM because address size (32) is larger than maximum supported(25)
INFO: [Synth 8-5544] ROM "en" won't be mapped to Block RAM because address size (2) smaller than threshold (5)
---------------------------------------------------------------------------------------------------
                   State |                     New Encoding |                Previous Encoding 
---------------------------------------------------------------------------------------------------
                 not_rdy |                              001 |                               00
                     rdy |                              010 |                               01
                   pulse |                              100 |                               10
---------------------------------------------------------------------------------------------------
INFO: [Synth 8-3354] encoded FSM with state register 'db_ns_reg' using encoding 'one-hot' in module 'FIFO16x4'
---------------------------------------------------------------------------------
Finished RTL Optimization Phase 2 : Time (s): cpu = 00:00:15 ; elapsed = 00:00:18 . Memory (MB): peak = 741.828 ; gain = 447.797
---------------------------------------------------------------------------------

Report RTL Partitions: 
+-+--------------+------------+----------+
| |RTL Partition |Replication |Instances |
+-+--------------+------------+----------+
+-+--------------+------------+----------+
---------------------------------------------------------------------------------
Start RTL Component Statistics 
---------------------------------------------------------------------------------
Detailed RTL Component Info : 
+---Adders : 
	   2 Input     32 Bit       Adders := 1     
+---Registers : 
	               32 Bit    Registers := 1     
	                1 Bit    Registers := 4     
+---Muxes : 
	   2 Input     32 Bit        Muxes := 1     
	   2 Input      1 Bit        Muxes := 9     
	   3 Input      1 Bit        Muxes := 2     
---------------------------------------------------------------------------------
Finished RTL Component Statistics 
---------------------------------------------------------------------------------
---------------------------------------------------------------------------------
Start RTL Hierarchical Component Statistics 
---------------------------------------------------------------------------------
Hierarchical RTL Component report 
Module FIFO16x4 
Detailed RTL Component Info : 
+---Adders : 
	   2 Input     32 Bit       Adders := 1     
+---Registers : 
	               32 Bit    Registers := 1     
	                1 Bit    Registers := 4     
+---Muxes : 
	   2 Input     32 Bit        Muxes := 1     
	   2 Input      1 Bit        Muxes := 9     
	   3 Input      1 Bit        Muxes := 2     
---------------------------------------------------------------------------------
Finished RTL Hierarchical Component Statistics
---------------------------------------------------------------------------------
---------------------------------------------------------------------------------
Start Part Resource Summary
---------------------------------------------------------------------------------
Part Resources:
DSPs: 90 (col length:60)
BRAMs: 100 (col length: RAMB18 60 RAMB36 30)
---------------------------------------------------------------------------------
Finished Part Resource Summary
---------------------------------------------------------------------------------
---------------------------------------------------------------------------------
Start Cross Boundary and Area Optimization
---------------------------------------------------------------------------------
Warning: Parallel synthesis criteria is not met 
INFO: [Synth 8-5545] ROM "counter" won't be mapped to RAM because address size (32) is larger than maximum supported(25)
INFO: [Synth 8-5545] ROM "en" won't be mapped to RAM because address size (32) is larger than maximum supported(25)
---------------------------------------------------------------------------------
Finished Cross Boundary and Area Optimization : Time (s): cpu = 00:00:16 ; elapsed = 00:00:20 . Memory (MB): peak = 741.828 ; gain = 447.797
---------------------------------------------------------------------------------

Report RTL Partitions: 
+-+--------------+------------+----------+
| |RTL Partition |Replication |Instances |
+-+--------------+------------+----------+
+-+--------------+------------+----------+
---------------------------------------------------------------------------------
Start Applying XDC Timing Constraints
---------------------------------------------------------------------------------
---------------------------------------------------------------------------------
Finished Applying XDC Timing Constraints : Time (s): cpu = 00:00:26 ; elapsed = 00:00:31 . Memory (MB): peak = 769.617 ; gain = 475.586
---------------------------------------------------------------------------------
---------------------------------------------------------------------------------
Start Timing Optimization
---------------------------------------------------------------------------------
---------------------------------------------------------------------------------
Finished Timing Optimization : Time (s): cpu = 00:00:26 ; elapsed = 00:00:31 . Memory (MB): peak = 769.691 ; gain = 475.660
---------------------------------------------------------------------------------

Report RTL Partitions: 
+-+--------------+------------+----------+
| |RTL Partition |Replication |Instances |
+-+--------------+------------+----------+
+-+--------------+------------+----------+
---------------------------------------------------------------------------------
Start Technology Mapping
---------------------------------------------------------------------------------
---------------------------------------------------------------------------------
Finished Technology Mapping : Time (s): cpu = 00:00:26 ; elapsed = 00:00:31 . Memory (MB): peak = 779.727 ; gain = 485.695
---------------------------------------------------------------------------------

Report RTL Partitions: 
+-+--------------+------------+----------+
| |RTL Partition |Replication |Instances |
+-+--------------+------------+----------+
+-+--------------+------------+----------+
---------------------------------------------------------------------------------
Start IO Insertion
---------------------------------------------------------------------------------
---------------------------------------------------------------------------------
Start Flattening Before IO Insertion
---------------------------------------------------------------------------------
---------------------------------------------------------------------------------
Finished Flattening Before IO Insertion
---------------------------------------------------------------------------------
---------------------------------------------------------------------------------
Start Final Netlist Cleanup
---------------------------------------------------------------------------------
---------------------------------------------------------------------------------
Finished Final Netlist Cleanup
---------------------------------------------------------------------------------
---------------------------------------------------------------------------------
Finished IO Insertion : Time (s): cpu = 00:00:28 ; elapsed = 00:00:32 . Memory (MB): peak = 779.727 ; gain = 485.695
---------------------------------------------------------------------------------

Report Check Netlist: 
+------+------------------+-------+---------+-------+------------------+
|      |Item              |Errors |Warnings |Status |Description       |
+------+------------------+-------+---------+-------+------------------+
|1     |multi_driven_nets |      0|        0|Passed |Multi driven nets |
+------+------------------+-------+---------+-------+------------------+
---------------------------------------------------------------------------------
Start Renaming Generated Instances
---------------------------------------------------------------------------------
---------------------------------------------------------------------------------
Finished Renaming Generated Instances : Time (s): cpu = 00:00:28 ; elapsed = 00:00:32 . Memory (MB): peak = 779.727 ; gain = 485.695
---------------------------------------------------------------------------------

Report RTL Partitions: 
+-+--------------+------------+----------+
| |RTL Partition |Replication |Instances |
+-+--------------+------------+----------+
+-+--------------+------------+----------+
---------------------------------------------------------------------------------
Start Rebuilding User Hierarchy
---------------------------------------------------------------------------------
---------------------------------------------------------------------------------
Finished Rebuilding User Hierarchy : Time (s): cpu = 00:00:28 ; elapsed = 00:00:32 . Memory (MB): peak = 779.727 ; gain = 485.695
---------------------------------------------------------------------------------
---------------------------------------------------------------------------------
Start Renaming Generated Ports
---------------------------------------------------------------------------------
---------------------------------------------------------------------------------
Finished Renaming Generated Ports : Time (s): cpu = 00:00:28 ; elapsed = 00:00:32 . Memory (MB): peak = 779.727 ; gain = 485.695
---------------------------------------------------------------------------------
---------------------------------------------------------------------------------
Start Handling Custom Attributes
---------------------------------------------------------------------------------
---------------------------------------------------------------------------------
Finished Handling Custom Attributes : Time (s): cpu = 00:00:28 ; elapsed = 00:00:32 . Memory (MB): peak = 779.727 ; gain = 485.695
---------------------------------------------------------------------------------
---------------------------------------------------------------------------------
Start Renaming Generated Nets
---------------------------------------------------------------------------------
---------------------------------------------------------------------------------
Finished Renaming Generated Nets : Time (s): cpu = 00:00:28 ; elapsed = 00:00:32 . Memory (MB): peak = 779.727 ; gain = 485.695
---------------------------------------------------------------------------------
---------------------------------------------------------------------------------
Start Writing Synthesis Report
---------------------------------------------------------------------------------

Report BlackBoxes: 
+------+-----------------+----------+
|      |BlackBox name    |Instances |
+------+-----------------+----------+
|1     |fifo_generator_0 |         1|
+------+-----------------+----------+

Report Cell Usage: 
+------+-----------------+------+
|      |Cell             |Count |
+------+-----------------+------+
|1     |fifo_generator_0 |     1|
|2     |BUFG             |     1|
|3     |CARRY4           |     8|
|4     |LUT2             |     2|
|5     |LUT3             |     2|
|6     |LUT4             |     8|
|7     |LUT5             |     3|
|8     |LUT6             |     5|
|9     |FDRE             |    39|
|10    |IBUF             |     8|
|11    |OBUF             |     6|
+------+-----------------+------+

Report Instance Areas: 
+------+---------+-------+------+
|      |Instance |Module |Cells |
+------+---------+-------+------+
|1     |top      |       |    90|
+------+---------+-------+------+
---------------------------------------------------------------------------------
Finished Writing Synthesis Report : Time (s): cpu = 00:00:28 ; elapsed = 00:00:32 . Memory (MB): peak = 779.727 ; gain = 485.695
---------------------------------------------------------------------------------
Synthesis finished with 0 errors, 0 critical warnings and 0 warnings.
Synthesis Optimization Runtime : Time (s): cpu = 00:00:16 ; elapsed = 00:00:24 . Memory (MB): peak = 779.727 ; gain = 196.883
Synthesis Optimization Complete : Time (s): cpu = 00:00:28 ; elapsed = 00:00:33 . Memory (MB): peak = 779.727 ; gain = 485.695
INFO: [Project 1-571] Translating synthesized netlist
INFO: [Netlist 29-17] Analyzing 8 Unisim elements for replacement
INFO: [Netlist 29-28] Unisim Transformation completed in 0 CPU seconds
INFO: [Project 1-570] Preparing netlist for logic optimization
INFO: [Opt 31-138] Pushed 0 inverter(s) to 0 load pin(s).
Netlist sorting complete. Time (s): cpu = 00:00:00 ; elapsed = 00:00:00 . Memory (MB): peak = 787.781 ; gain = 0.000
INFO: [Project 1-111] Unisim Transformation Summary:
No Unisim elements were transformed.

INFO: [Common 17-83] Releasing license: Synthesis
24 Infos, 0 Warnings, 0 Critical Warnings and 0 Errors encountered.
synth_design completed successfully
synth_design: Time (s): cpu = 00:00:29 ; elapsed = 00:00:36 . Memory (MB): peak = 787.781 ; gain = 505.219
Netlist sorting complete. Time (s): cpu = 00:00:00 ; elapsed = 00:00:00 . Memory (MB): peak = 787.781 ; gain = 0.000
WARNING: [Constraints 18-5210] No constraints selected for write.
Resolution: This message can indicate that there are no constraints for the design, or it can indicate that the used_in flags are set such that the constraints are ignored. This later case is used when running synth_design to not write synthesis constraints to the resulting checkpoint. Instead, project constraints are read when the synthesized design is opened.
INFO: [Common 17-1381] The checkpoint 'C:/Users/xoepe/Documents/ECEC302/HW7/fifo4x16/fifo4x16.runs/synth_1/FIFO16x4.dcp' has been generated.
INFO: [runtcl-4] Executing : report_utilization -file FIFO16x4_utilization_synth.rpt -pb FIFO16x4_utilization_synth.pb
INFO: [Common 17-206] Exiting Vivado at Mon Jun  3 18:14:44 2019...
