Copyright 1986-2018 Xilinx, Inc. All Rights Reserved.
-------------------------------------------------------------------------------------
| Tool Version : Vivado v.2018.3 (lin64) Build 2405991 Thu Dec  6 23:36:41 MST 2018
| Date         : Tue May 21 13:16:03 2019
| Host         : nicklinux running 64-bit unknown
| Command      : report_control_sets -verbose -file FIFO16x4_control_sets_placed.rpt
| Design       : FIFO16x4
| Device       : xc7a35t
-------------------------------------------------------------------------------------

Control Set Information

Table of Contents
-----------------
1. Summary
2. Histogram
3. Flip-Flop Distribution
4. Detailed Control Set Information

1. Summary
----------

+----------------------------------------------------------+-------+
|                          Status                          | Count |
+----------------------------------------------------------+-------+
| Number of unique control sets                            |     6 |
| Unused register locations in slices containing registers |    17 |
+----------------------------------------------------------+-------+


2. Histogram
------------

+--------+--------------+
| Fanout | Control Sets |
+--------+--------------+
|      4 |            3 |
|      8 |            2 |
|    16+ |            1 |
+--------+--------------+


3. Flip-Flop Distribution
-------------------------

+--------------+-----------------------+------------------------+-----------------+--------------+
| Clock Enable | Synchronous Set/Reset | Asynchronous Set/Reset | Total Registers | Total Slices |
+--------------+-----------------------+------------------------+-----------------+--------------+
| No           | No                    | No                     |              31 |           11 |
| No           | No                    | Yes                    |               0 |            0 |
| No           | Yes                   | No                     |               4 |            1 |
| Yes          | No                    | No                     |               0 |            0 |
| Yes          | No                    | Yes                    |               0 |            0 |
| Yes          | Yes                   | No                     |              20 |            4 |
+--------------+-----------------------+------------------------+-----------------+--------------+


4. Detailed Control Set Information
-----------------------------------

+------------------+-------------------------------------------------------------------------------------------------------------------------+------------------------------------------------------+------------------+----------------+
|   Clock Signal   |                                                      Enable Signal                                                      |                   Set/Reset Signal                   | Slice Load Count | Bel Load Count |
+------------------+-------------------------------------------------------------------------------------------------------------------------+------------------------------------------------------+------------------+----------------+
|  clk_IBUF_BUFG   |                                                                                                                         |                                                      |                1 |              4 |
|  en_reg_n_0_BUFG |                                                                                                                         | U1/U0/inst_fifo_gen/gconvfifo.rf/grf.rf/rstblk/SR[0] |                1 |              4 |
|  en_reg_n_0_BUFG | U1/U0/inst_fifo_gen/gconvfifo.rf/grf.rf/gntv_or_sync_fifo.gl0.rd/gr1.gr1_int.rfwft/gpregsm1.curr_fwft_state_reg[0]_0[0] | U1/U0/inst_fifo_gen/gconvfifo.rf/grf.rf/rstblk/SR[0] |                2 |              4 |
|  en_reg_n_0_BUFG | U1/U0/inst_fifo_gen/gconvfifo.rf/grf.rf/gntv_or_sync_fifo.gl0.wr/gwss.wsts/E[0]                                         | U1/U0/inst_fifo_gen/gconvfifo.rf/grf.rf/rstblk/SR[0] |                1 |              8 |
|  en_reg_n_0_BUFG | U1/U0/inst_fifo_gen/gconvfifo.rf/grf.rf/gntv_or_sync_fifo.gl0.rd/gr1.gr1_int.rfwft/E[0]                                 | U1/U0/inst_fifo_gen/gconvfifo.rf/grf.rf/rstblk/SR[0] |                1 |              8 |
|  en_reg_n_0_BUFG |                                                                                                                         |                                                      |               10 |             28 |
+------------------+-------------------------------------------------------------------------------------------------------------------------+------------------------------------------------------+------------------+----------------+


