
*** Running vivado
    with args -log mux.vdi -applog -m64 -product Vivado -messageDb vivado.pb -mode batch -source mux.tcl -notrace


****** Vivado v2017.2 (64-bit)
  **** SW Build 1909853 on Thu Jun 15 18:39:09 MDT 2017
  **** IP Build 1909766 on Thu Jun 15 19:58:00 MDT 2017
    ** Copyright 1986-2017 Xilinx, Inc. All Rights Reserved.

source mux.tcl -notrace
Design is defaulting to srcset: sources_1
Design is defaulting to constrset: constrs_1
INFO: [Netlist 29-17] Analyzing 6 Unisim elements for replacement
INFO: [Netlist 29-28] Unisim Transformation completed in 0 CPU seconds
INFO: [Project 1-479] Netlist was created with Vivado 2017.2
INFO: [Device 21-403] Loading part xc7a35tcpg236-1
INFO: [Project 1-570] Preparing netlist for logic optimization
Parsing XDC File [C:/Users/njs82/Documents/xilinx_projects/mux/mux.srcs/constrs_1/imports/xilinx_projects/Basys3_Master.xdc]
Finished Parsing XDC File [C:/Users/njs82/Documents/xilinx_projects/mux/mux.srcs/constrs_1/imports/xilinx_projects/Basys3_Master.xdc]
INFO: [Opt 31-138] Pushed 0 inverter(s) to 0 load pin(s).
INFO: [Project 1-111] Unisim Transformation Summary:
No Unisim elements were transformed.

link_design: Time (s): cpu = 00:00:06 ; elapsed = 00:00:27 . Memory (MB): peak = 539.758 ; gain = 250.977
Command: opt_design
Attempting to get a license for feature 'Implementation' and/or device 'xc7a35t-cpg236'
INFO: [Common 17-349] Got license for feature 'Implementation' and/or device 'xc7a35t-cpg236'
Running DRC as a precondition to command opt_design

Starting DRC Task
Command: report_drc (run_mandatory_drcs) for: opt_checks
INFO: [DRC 23-27] Running DRC with 2 threads
report_drc (run_mandatory_drcs) completed successfully
INFO: [Project 1-461] DRC finished with 0 Errors
INFO: [Project 1-462] Please refer to the DRC report (report_drc) for more information.

Time (s): cpu = 00:00:00 ; elapsed = 00:00:00.103 . Memory (MB): peak = 542.480 ; gain = 2.723
INFO: [Timing 38-35] Done setting XDC timing constraints.

Starting Logic Optimization Task

Phase 1 Retarget
INFO: [Opt 31-138] Pushed 0 inverter(s) to 0 load pin(s).
INFO: [Opt 31-49] Retargeted 0 cell(s).
Phase 1 Retarget | Checksum: 1f61c4886

Time (s): cpu = 00:00:00 ; elapsed = 00:00:00.003 . Memory (MB): peak = 986.578 ; gain = 0.000
INFO: [Opt 31-389] Phase Retarget created 0 cells and removed 0 cells

Phase 2 Constant propagation
INFO: [Opt 31-138] Pushed 0 inverter(s) to 0 load pin(s).
Phase 2 Constant propagation | Checksum: 1f61c4886

Time (s): cpu = 00:00:00 ; elapsed = 00:00:00.004 . Memory (MB): peak = 986.578 ; gain = 0.000
INFO: [Opt 31-389] Phase Constant propagation created 0 cells and removed 0 cells

Phase 3 Sweep
Phase 3 Sweep | Checksum: 1f61c4886

Time (s): cpu = 00:00:00 ; elapsed = 00:00:00.005 . Memory (MB): peak = 986.578 ; gain = 0.000
INFO: [Opt 31-389] Phase Sweep created 0 cells and removed 0 cells

Phase 4 BUFG optimization
Phase 4 BUFG optimization | Checksum: 1f61c4886

Time (s): cpu = 00:00:00 ; elapsed = 00:00:00.006 . Memory (MB): peak = 986.578 ; gain = 0.000
INFO: [Opt 31-389] Phase BUFG optimization created 0 cells and removed 0 cells

Phase 5 Shift Register Optimization
Phase 5 Shift Register Optimization | Checksum: 1f61c4886

Time (s): cpu = 00:00:00 ; elapsed = 00:00:00.007 . Memory (MB): peak = 986.578 ; gain = 0.000
INFO: [Opt 31-389] Phase Shift Register Optimization created 0 cells and removed 0 cells

Starting Connectivity Check Task

Time (s): cpu = 00:00:00 ; elapsed = 00:00:00 . Memory (MB): peak = 986.578 ; gain = 0.000
Ending Logic Optimization Task | Checksum: 1f61c4886

Time (s): cpu = 00:00:00 ; elapsed = 00:00:00.008 . Memory (MB): peak = 986.578 ; gain = 0.000

Starting Power Optimization Task
INFO: [Pwropt 34-132] Skipping clock gating for clocks with a period < 2.00 ns.
Ending Power Optimization Task | Checksum: 1f61c4886

Time (s): cpu = 00:00:00 ; elapsed = 00:00:00.007 . Memory (MB): peak = 986.578 ; gain = 0.000
21 Infos, 0 Warnings, 0 Critical Warnings and 0 Errors encountered.
opt_design completed successfully
opt_design: Time (s): cpu = 00:00:13 ; elapsed = 00:00:13 . Memory (MB): peak = 986.578 ; gain = 446.820
Writing placer database...
Writing XDEF routing.
Writing XDEF routing logical nets.
Writing XDEF routing special nets.
Write XDEF Complete: Time (s): cpu = 00:00:00 ; elapsed = 00:00:00.043 . Memory (MB): peak = 986.578 ; gain = 0.000
INFO: [Common 17-1381] The checkpoint 'C:/Users/njs82/Documents/xilinx_projects/mux/mux.runs/impl_1/mux_opt.dcp' has been generated.
Command: report_drc -file mux_drc_opted.rpt
INFO: [DRC 23-27] Running DRC with 2 threads
INFO: [Coretcl 2-168] The results of DRC are in file C:/Users/njs82/Documents/xilinx_projects/mux/mux.runs/impl_1/mux_drc_opted.rpt.
report_drc completed successfully
INFO: [Chipscope 16-241] No debug cores found in the current design.
Before running the implement_debug_core command, either use the Set Up Debug wizard (GUI mode)
or use the create_debug_core and connect_debug_core Tcl commands to insert debug cores into the design.
Command: place_design
Attempting to get a license for feature 'Implementation' and/or device 'xc7a35t-cpg236'
INFO: [Common 17-349] Got license for feature 'Implementation' and/or device 'xc7a35t-cpg236'
Command: report_drc (run_mandatory_drcs) for: incr_eco_checks
INFO: [DRC 23-27] Running DRC with 2 threads
report_drc (run_mandatory_drcs) completed successfully
INFO: [Vivado_Tcl 4-198] DRC finished with 0 Errors
INFO: [Vivado_Tcl 4-199] Please refer to the DRC report (report_drc) for more information.
Running DRC as a precondition to command place_design
Command: report_drc (run_mandatory_drcs) for: placer_checks
INFO: [DRC 23-27] Running DRC with 2 threads
report_drc (run_mandatory_drcs) completed successfully
INFO: [Vivado_Tcl 4-198] DRC finished with 0 Errors
INFO: [Vivado_Tcl 4-199] Please refer to the DRC report (report_drc) for more information.

Starting Placer Task
INFO: [Place 30-611] Multithreading enabled for place_design using a maximum of 2 CPUs

Phase 1 Placer Initialization

Phase 1.1 Placer Initialization Netlist Sorting
Netlist sorting complete. Time (s): cpu = 00:00:00 ; elapsed = 00:00:00 . Memory (MB): peak = 986.578 ; gain = 0.000
Phase 1.1 Placer Initialization Netlist Sorting | Checksum: 17fdd6af2

Time (s): cpu = 00:00:00 ; elapsed = 00:00:00.003 . Memory (MB): peak = 986.578 ; gain = 0.000
Netlist sorting complete. Time (s): cpu = 00:00:00 ; elapsed = 00:00:00 . Memory (MB): peak = 986.578 ; gain = 0.000

Phase 1.2 IO Placement/ Clock Placement/ Build Placer Device
INFO: [Timing 38-35] Done setting XDC timing constraints.
Phase 1.2 IO Placement/ Clock Placement/ Build Placer Device | Checksum: 17fdd6af2

Time (s): cpu = 00:00:00 ; elapsed = 00:00:00.441 . Memory (MB): peak = 986.578 ; gain = 0.000

Phase 1.3 Build Placer Netlist Model
Phase 1.3 Build Placer Netlist Model | Checksum: 21b6ece1a

Time (s): cpu = 00:00:00 ; elapsed = 00:00:00.445 . Memory (MB): peak = 986.578 ; gain = 0.000

Phase 1.4 Constrain Clocks/Macros
Phase 1.4 Constrain Clocks/Macros | Checksum: 21b6ece1a

Time (s): cpu = 00:00:00 ; elapsed = 00:00:00.446 . Memory (MB): peak = 986.578 ; gain = 0.000
Phase 1 Placer Initialization | Checksum: 21b6ece1a

Time (s): cpu = 00:00:00 ; elapsed = 00:00:00.447 . Memory (MB): peak = 986.578 ; gain = 0.000

Phase 2 Global Placement
WARNING: [Place 46-30] place_design is not in timing mode. Skip physical synthesis in placer
Phase 2 Global Placement | Checksum: 270b5be9a

Time (s): cpu = 00:00:00 ; elapsed = 00:00:00.572 . Memory (MB): peak = 986.578 ; gain = 0.000

Phase 3 Detail Placement

Phase 3.1 Commit Multi Column Macros
Phase 3.1 Commit Multi Column Macros | Checksum: 270b5be9a

Time (s): cpu = 00:00:00 ; elapsed = 00:00:00.574 . Memory (MB): peak = 986.578 ; gain = 0.000

Phase 3.2 Commit Most Macros & LUTRAMs
Phase 3.2 Commit Most Macros & LUTRAMs | Checksum: 1a662034b

Time (s): cpu = 00:00:00 ; elapsed = 00:00:00.581 . Memory (MB): peak = 986.578 ; gain = 0.000

Phase 3.3 Area Swap Optimization
Phase 3.3 Area Swap Optimization | Checksum: 21a234e61

Time (s): cpu = 00:00:00 ; elapsed = 00:00:00.589 . Memory (MB): peak = 986.578 ; gain = 0.000

Phase 3.4 Pipeline Register Optimization
Phase 3.4 Pipeline Register Optimization | Checksum: 21a234e61

Time (s): cpu = 00:00:00 ; elapsed = 00:00:00.589 . Memory (MB): peak = 986.578 ; gain = 0.000

Phase 3.5 Small Shape Detail Placement
Phase 3.5 Small Shape Detail Placement | Checksum: fcc90aaf

Time (s): cpu = 00:00:01 ; elapsed = 00:00:00.847 . Memory (MB): peak = 987.035 ; gain = 0.457

Phase 3.6 Re-assign LUT pins
Phase 3.6 Re-assign LUT pins | Checksum: fcc90aaf

Time (s): cpu = 00:00:01 ; elapsed = 00:00:00.848 . Memory (MB): peak = 987.035 ; gain = 0.457

Phase 3.7 Pipeline Register Optimization
Phase 3.7 Pipeline Register Optimization | Checksum: fcc90aaf

Time (s): cpu = 00:00:01 ; elapsed = 00:00:00.848 . Memory (MB): peak = 987.035 ; gain = 0.457
Phase 3 Detail Placement | Checksum: fcc90aaf

Time (s): cpu = 00:00:01 ; elapsed = 00:00:00.849 . Memory (MB): peak = 987.035 ; gain = 0.457

Phase 4 Post Placement Optimization and Clean-Up

Phase 4.1 Post Commit Optimization
Phase 4.1 Post Commit Optimization | Checksum: fcc90aaf

Time (s): cpu = 00:00:01 ; elapsed = 00:00:00.851 . Memory (MB): peak = 987.035 ; gain = 0.457

Phase 4.2 Post Placement Cleanup
Phase 4.2 Post Placement Cleanup | Checksum: fcc90aaf

Time (s): cpu = 00:00:01 ; elapsed = 00:00:00.853 . Memory (MB): peak = 987.035 ; gain = 0.457

Phase 4.3 Placer Reporting
Phase 4.3 Placer Reporting | Checksum: fcc90aaf

Time (s): cpu = 00:00:01 ; elapsed = 00:00:00.853 . Memory (MB): peak = 987.035 ; gain = 0.457

Phase 4.4 Final Placement Cleanup
Phase 4.4 Final Placement Cleanup | Checksum: fcc90aaf

Time (s): cpu = 00:00:01 ; elapsed = 00:00:00.853 . Memory (MB): peak = 987.035 ; gain = 0.457
Phase 4 Post Placement Optimization and Clean-Up | Checksum: fcc90aaf

Time (s): cpu = 00:00:01 ; elapsed = 00:00:00.854 . Memory (MB): peak = 987.035 ; gain = 0.457
Ending Placer Task | Checksum: d16e346a

Time (s): cpu = 00:00:01 ; elapsed = 00:00:00.857 . Memory (MB): peak = 987.035 ; gain = 0.457
34 Infos, 1 Warnings, 0 Critical Warnings and 0 Errors encountered.
place_design completed successfully
Writing placer database...
Writing XDEF routing.
Writing XDEF routing logical nets.
Writing XDEF routing special nets.
Write XDEF Complete: Time (s): cpu = 00:00:00 ; elapsed = 00:00:00.045 . Memory (MB): peak = 987.223 ; gain = 0.188
INFO: [Common 17-1381] The checkpoint 'C:/Users/njs82/Documents/xilinx_projects/mux/mux.runs/impl_1/mux_placed.dcp' has been generated.
report_io: Time (s): cpu = 00:00:00 ; elapsed = 00:00:00.030 . Memory (MB): peak = 987.594 ; gain = 0.371
report_utilization: Time (s): cpu = 00:00:00 ; elapsed = 00:00:00.020 . Memory (MB): peak = 987.594 ; gain = 0.000
report_control_sets: Time (s): cpu = 00:00:00 ; elapsed = 00:00:00.001 . Memory (MB): peak = 987.594 ; gain = 0.000
Command: route_design
Attempting to get a license for feature 'Implementation' and/or device 'xc7a35t-cpg236'
INFO: [Common 17-349] Got license for feature 'Implementation' and/or device 'xc7a35t-cpg236'
Running DRC as a precondition to command route_design
Command: report_drc (run_mandatory_drcs) for: router_checks
INFO: [DRC 23-27] Running DRC with 2 threads
report_drc (run_mandatory_drcs) completed successfully
INFO: [Vivado_Tcl 4-198] DRC finished with 0 Errors
INFO: [Vivado_Tcl 4-199] Please refer to the DRC report (report_drc) for more information.


Starting Routing Task
INFO: [Route 35-254] Multithreading enabled for route_design using a maximum of 2 CPUs
Checksum: PlaceDB: 23b06c3e ConstDB: 0 ShapeSum: adbdc82c RouteDB: 0

Phase 1 Build RT Design
Phase 1 Build RT Design | Checksum: df6cc4e1

Time (s): cpu = 00:00:18 ; elapsed = 00:00:16 . Memory (MB): peak = 1115.559 ; gain = 127.965

Phase 2 Router Initialization
INFO: [Route 35-64] No timing constraints were detected. The router will operate in resource-optimization mode.

Phase 2.1 Fix Topology Constraints
Phase 2.1 Fix Topology Constraints | Checksum: df6cc4e1

Time (s): cpu = 00:00:18 ; elapsed = 00:00:16 . Memory (MB): peak = 1119.598 ; gain = 132.004

Phase 2.2 Pre Route Cleanup
Phase 2.2 Pre Route Cleanup | Checksum: df6cc4e1

Time (s): cpu = 00:00:18 ; elapsed = 00:00:16 . Memory (MB): peak = 1119.598 ; gain = 132.004
Phase 2 Router Initialization | Checksum: df6cc4e1

Time (s): cpu = 00:00:18 ; elapsed = 00:00:16 . Memory (MB): peak = 1122.664 ; gain = 135.070

Phase 3 Initial Routing
Phase 3 Initial Routing | Checksum: 889fb181

Time (s): cpu = 00:00:18 ; elapsed = 00:00:16 . Memory (MB): peak = 1122.664 ; gain = 135.070

Phase 4 Rip-up And Reroute

Phase 4.1 Global Iteration 0
 Number of Nodes with overlaps = 0
Phase 4.1 Global Iteration 0 | Checksum: cf262d1a

Time (s): cpu = 00:00:18 ; elapsed = 00:00:16 . Memory (MB): peak = 1122.691 ; gain = 135.098
Phase 4 Rip-up And Reroute | Checksum: cf262d1a

Time (s): cpu = 00:00:18 ; elapsed = 00:00:16 . Memory (MB): peak = 1122.691 ; gain = 135.098

Phase 5 Delay and Skew Optimization
Phase 5 Delay and Skew Optimization | Checksum: cf262d1a

Time (s): cpu = 00:00:18 ; elapsed = 00:00:16 . Memory (MB): peak = 1122.691 ; gain = 135.098

Phase 6 Post Hold Fix

Phase 6.1 Hold Fix Iter
Phase 6.1 Hold Fix Iter | Checksum: cf262d1a

Time (s): cpu = 00:00:18 ; elapsed = 00:00:16 . Memory (MB): peak = 1122.691 ; gain = 135.098
Phase 6 Post Hold Fix | Checksum: cf262d1a

Time (s): cpu = 00:00:18 ; elapsed = 00:00:16 . Memory (MB): peak = 1122.691 ; gain = 135.098

Phase 7 Route finalize

Router Utilization Summary
  Global Vertical Routing Utilization    = 0.00581998 %
  Global Horizontal Routing Utilization  = 0.00221239 %
  Routable Net Status*
  *Does not include unroutable nets such as driverless and loadless.
  Run report_route_status for detailed report.
  Number of Failed Nets               = 0
  Number of Unrouted Nets             = 0
  Number of Partially Routed Nets     = 0
  Number of Node Overlaps             = 0

Congestion Report
North Dir 1x1 Area, Max Cong = 16.2162%, No Congested Regions.
South Dir 1x1 Area, Max Cong = 16.2162%, No Congested Regions.
East Dir 1x1 Area, Max Cong = 2.94118%, No Congested Regions.
West Dir 1x1 Area, Max Cong = 2.94118%, No Congested Regions.
Phase 7 Route finalize | Checksum: cf262d1a

Time (s): cpu = 00:00:18 ; elapsed = 00:00:16 . Memory (MB): peak = 1122.691 ; gain = 135.098

Phase 8 Verifying routed nets

 Verification completed successfully
Phase 8 Verifying routed nets | Checksum: cf262d1a

Time (s): cpu = 00:00:18 ; elapsed = 00:00:16 . Memory (MB): peak = 1124.730 ; gain = 137.137

Phase 9 Depositing Routes
Phase 9 Depositing Routes | Checksum: cf262d1a

Time (s): cpu = 00:00:18 ; elapsed = 00:00:16 . Memory (MB): peak = 1124.730 ; gain = 137.137
INFO: [Route 35-16] Router Completed Successfully

Time (s): cpu = 00:00:18 ; elapsed = 00:00:16 . Memory (MB): peak = 1124.730 ; gain = 137.137

Routing Is Done.
42 Infos, 1 Warnings, 0 Critical Warnings and 0 Errors encountered.
route_design completed successfully
route_design: Time (s): cpu = 00:00:18 ; elapsed = 00:00:17 . Memory (MB): peak = 1124.730 ; gain = 137.137
Writing placer database...
Writing XDEF routing.
Writing XDEF routing logical nets.
Writing XDEF routing special nets.
Write XDEF Complete: Time (s): cpu = 00:00:00 ; elapsed = 00:00:00.052 . Memory (MB): peak = 1124.730 ; gain = 0.000
INFO: [Common 17-1381] The checkpoint 'C:/Users/njs82/Documents/xilinx_projects/mux/mux.runs/impl_1/mux_routed.dcp' has been generated.
Command: report_drc -file mux_drc_routed.rpt -pb mux_drc_routed.pb -rpx mux_drc_routed.rpx
INFO: [DRC 23-27] Running DRC with 2 threads
INFO: [Coretcl 2-168] The results of DRC are in file C:/Users/njs82/Documents/xilinx_projects/mux/mux.runs/impl_1/mux_drc_routed.rpt.
report_drc completed successfully
Command: report_methodology -file mux_methodology_drc_routed.rpt -rpx mux_methodology_drc_routed.rpx
INFO: [Timing 38-35] Done setting XDC timing constraints.
INFO: [DRC 23-133] Running Methodology with 2 threads
INFO: [Coretcl 2-1520] The results of Report Methodology are in file C:/Users/njs82/Documents/xilinx_projects/mux/mux.runs/impl_1/mux_methodology_drc_routed.rpt.
report_methodology completed successfully
Command: report_power -file mux_power_routed.rpt -pb mux_power_summary_routed.pb -rpx mux_power_routed.rpx
WARNING: [Power 33-232] No user defined clocks were found in the design!
Resolution: Please specify clocks using create_clock/create_generated_clock for sequential elements. For pure combinatorial circuits, please specify a virtual clock, otherwise the vectorless estimation might be inaccurate
INFO: [Timing 38-35] Done setting XDC timing constraints.
Running Vector-less Activity Propagation...

Finished Running Vector-less Activity Propagation
49 Infos, 2 Warnings, 0 Critical Warnings and 0 Errors encountered.
report_power completed successfully
INFO: [Timing 38-91] UpdateTimingParams: Speed grade: -1, Delay Type: min_max.
INFO: [Timing 38-191] Multithreading enabled for timing update using a maximum of 2 CPUs
WARNING: [Timing 38-313] There are no user specified timing constraints. Timing constraints are needed for proper timing analysis.
Command: write_bitstream -force mux.bit
Attempting to get a license for feature 'Implementation' and/or device 'xc7a35t-cpg236'
INFO: [Common 17-349] Got license for feature 'Implementation' and/or device 'xc7a35t-cpg236'
Running DRC as a precondition to command write_bitstream
Command: report_drc (run_mandatory_drcs) for: bitstream_checks
INFO: [DRC 23-27] Running DRC with 2 threads
WARNING: [DRC CFGBVS-1] Missing CFGBVS and CONFIG_VOLTAGE Design Properties: Neither the CFGBVS nor CONFIG_VOLTAGE voltage property is set in the current_design.  Configuration bank voltage select (CFGBVS) must be set to VCCO or GND, and CONFIG_VOLTAGE must be set to the correct configuration voltage, in order to determine the I/O voltage support for the pins in bank 0.  It is suggested to specify these either using the 'Edit Device Properties' function in the GUI or directly in the XDC file using the following syntax:

 set_property CFGBVS value1 [current_design]
 #where value1 is either VCCO or GND

 set_property CONFIG_VOLTAGE value2 [current_design]
 #where value2 is the voltage provided to configuration bank 0

Refer to the device configuration user guide for more information.
report_drc (run_mandatory_drcs) completed successfully
INFO: [Vivado 12-3199] DRC finished with 0 Errors, 1 Warnings
INFO: [Vivado 12-3200] Please refer to the DRC report (report_drc) for more information.
INFO: [Project 1-821] Please set project.enableDesignId to be 'true'.
INFO: [Designutils 20-2272] Running write_bitstream with 2 threads.
Loading data files...
Loading site data...
Loading route data...
Processing options...
Creating bitmap...
Creating bitstream...
Writing bitstream ./mux.bit...
INFO: [Vivado 12-1842] Bitgen Completed Successfully.
58 Infos, 4 Warnings, 0 Critical Warnings and 0 Errors encountered.
write_bitstream completed successfully
write_bitstream: Time (s): cpu = 00:00:10 ; elapsed = 00:00:10 . Memory (MB): peak = 1490.664 ; gain = 343.805
INFO: [Common 17-206] Exiting Vivado at Tue Apr  2 17:21:31 2019...
