
*** Running vivado
    with args -log test_multiplier.vds -m64 -product Vivado -mode batch -messageDb vivado.pb -notrace -source test_multiplier.tcl


****** Vivado v2018.3 (64-bit)
  **** SW Build 2405991 on Thu Dec  6 23:36:41 MST 2018
  **** IP Build 2404404 on Fri Dec  7 01:43:56 MST 2018
    ** Copyright 1986-2018 Xilinx, Inc. All Rights Reserved.

source test_multiplier.tcl -notrace
Command: synth_design -top test_multiplier -part xc7a35tcpg236-1
Starting synth_design
Attempting to get a license for feature 'Synthesis' and/or device 'xc7a35t'
INFO: [Common 17-349] Got license for feature 'Synthesis' and/or device 'xc7a35t'
INFO: Launching helper process for spawning children vivado processes
INFO: Helper process launched with PID 7348 
---------------------------------------------------------------------------------
Starting RTL Elaboration : Time (s): cpu = 00:00:02 ; elapsed = 00:00:02 . Memory (MB): peak = 1349.703 ; gain = 0.000 ; free physical = 12604 ; free virtual = 15706
---------------------------------------------------------------------------------
INFO: [Synth 8-638] synthesizing module 'test_multiplier' [/home/nick/ECEC302/W6/Lab/array_multiplier/array_multiplier.srcs/sources_1/new/test_multiplier.vhd:40]
	Parameter m bound to: 4 - type: integer 
	Parameter n bound to: 4 - type: integer 
INFO: [Synth 8-3491] module 'array_multiplier' declared at '/home/nick/ECEC302/W6/Lab/array_multiplier/array_multiplier.srcs/sources_1/new/array_multiplier.vhd:34' bound to instance 'MUL' of component 'array_multiplier' [/home/nick/ECEC302/W6/Lab/array_multiplier/array_multiplier.srcs/sources_1/new/test_multiplier.vhd:49]
INFO: [Synth 8-638] synthesizing module 'array_multiplier' [/home/nick/ECEC302/W6/Lab/array_multiplier/array_multiplier.srcs/sources_1/new/array_multiplier.vhd:42]
	Parameter m bound to: 4 - type: integer 
	Parameter n bound to: 4 - type: integer 
INFO: [Synth 8-3491] module 'pe' declared at '/home/nick/ECEC302/W6/Lab/array_multiplier/array_multiplier.srcs/sources_1/new/pe.vhd:34' bound to instance 'ELM' of component 'pe' [/home/nick/ECEC302/W6/Lab/array_multiplier/array_multiplier.srcs/sources_1/new/array_multiplier.vhd:63]
INFO: [Synth 8-638] synthesizing module 'pe' [/home/nick/ECEC302/W6/Lab/array_multiplier/array_multiplier.srcs/sources_1/new/pe.vhd:39]
INFO: [Synth 8-256] done synthesizing module 'pe' (1#1) [/home/nick/ECEC302/W6/Lab/array_multiplier/array_multiplier.srcs/sources_1/new/pe.vhd:39]
INFO: [Synth 8-3491] module 'pe' declared at '/home/nick/ECEC302/W6/Lab/array_multiplier/array_multiplier.srcs/sources_1/new/pe.vhd:34' bound to instance 'ELM' of component 'pe' [/home/nick/ECEC302/W6/Lab/array_multiplier/array_multiplier.srcs/sources_1/new/array_multiplier.vhd:66]
INFO: [Synth 8-3491] module 'pe' declared at '/home/nick/ECEC302/W6/Lab/array_multiplier/array_multiplier.srcs/sources_1/new/pe.vhd:34' bound to instance 'ELM' of component 'pe' [/home/nick/ECEC302/W6/Lab/array_multiplier/array_multiplier.srcs/sources_1/new/array_multiplier.vhd:66]
INFO: [Synth 8-3491] module 'pe' declared at '/home/nick/ECEC302/W6/Lab/array_multiplier/array_multiplier.srcs/sources_1/new/pe.vhd:34' bound to instance 'ELM' of component 'pe' [/home/nick/ECEC302/W6/Lab/array_multiplier/array_multiplier.srcs/sources_1/new/array_multiplier.vhd:69]
INFO: [Synth 8-3491] module 'pe' declared at '/home/nick/ECEC302/W6/Lab/array_multiplier/array_multiplier.srcs/sources_1/new/pe.vhd:34' bound to instance 'ELM' of component 'pe' [/home/nick/ECEC302/W6/Lab/array_multiplier/array_multiplier.srcs/sources_1/new/array_multiplier.vhd:63]
INFO: [Synth 8-3491] module 'pe' declared at '/home/nick/ECEC302/W6/Lab/array_multiplier/array_multiplier.srcs/sources_1/new/pe.vhd:34' bound to instance 'ELM' of component 'pe' [/home/nick/ECEC302/W6/Lab/array_multiplier/array_multiplier.srcs/sources_1/new/array_multiplier.vhd:66]
INFO: [Synth 8-3491] module 'pe' declared at '/home/nick/ECEC302/W6/Lab/array_multiplier/array_multiplier.srcs/sources_1/new/pe.vhd:34' bound to instance 'ELM' of component 'pe' [/home/nick/ECEC302/W6/Lab/array_multiplier/array_multiplier.srcs/sources_1/new/array_multiplier.vhd:66]
INFO: [Synth 8-3491] module 'pe' declared at '/home/nick/ECEC302/W6/Lab/array_multiplier/array_multiplier.srcs/sources_1/new/pe.vhd:34' bound to instance 'ELM' of component 'pe' [/home/nick/ECEC302/W6/Lab/array_multiplier/array_multiplier.srcs/sources_1/new/array_multiplier.vhd:69]
INFO: [Synth 8-3491] module 'pe' declared at '/home/nick/ECEC302/W6/Lab/array_multiplier/array_multiplier.srcs/sources_1/new/pe.vhd:34' bound to instance 'ELM' of component 'pe' [/home/nick/ECEC302/W6/Lab/array_multiplier/array_multiplier.srcs/sources_1/new/array_multiplier.vhd:63]
INFO: [Synth 8-3491] module 'pe' declared at '/home/nick/ECEC302/W6/Lab/array_multiplier/array_multiplier.srcs/sources_1/new/pe.vhd:34' bound to instance 'ELM' of component 'pe' [/home/nick/ECEC302/W6/Lab/array_multiplier/array_multiplier.srcs/sources_1/new/array_multiplier.vhd:66]
INFO: [Synth 8-3491] module 'pe' declared at '/home/nick/ECEC302/W6/Lab/array_multiplier/array_multiplier.srcs/sources_1/new/pe.vhd:34' bound to instance 'ELM' of component 'pe' [/home/nick/ECEC302/W6/Lab/array_multiplier/array_multiplier.srcs/sources_1/new/array_multiplier.vhd:66]
INFO: [Synth 8-3491] module 'pe' declared at '/home/nick/ECEC302/W6/Lab/array_multiplier/array_multiplier.srcs/sources_1/new/pe.vhd:34' bound to instance 'ELM' of component 'pe' [/home/nick/ECEC302/W6/Lab/array_multiplier/array_multiplier.srcs/sources_1/new/array_multiplier.vhd:69]
INFO: [Synth 8-3491] module 'pe' declared at '/home/nick/ECEC302/W6/Lab/array_multiplier/array_multiplier.srcs/sources_1/new/pe.vhd:34' bound to instance 'ELM' of component 'pe' [/home/nick/ECEC302/W6/Lab/array_multiplier/array_multiplier.srcs/sources_1/new/array_multiplier.vhd:72]
INFO: [Synth 8-3491] module 'pe' declared at '/home/nick/ECEC302/W6/Lab/array_multiplier/array_multiplier.srcs/sources_1/new/pe.vhd:34' bound to instance 'ELM' of component 'pe' [/home/nick/ECEC302/W6/Lab/array_multiplier/array_multiplier.srcs/sources_1/new/array_multiplier.vhd:72]
INFO: [Synth 8-3491] module 'pe' declared at '/home/nick/ECEC302/W6/Lab/array_multiplier/array_multiplier.srcs/sources_1/new/pe.vhd:34' bound to instance 'ELM' of component 'pe' [/home/nick/ECEC302/W6/Lab/array_multiplier/array_multiplier.srcs/sources_1/new/array_multiplier.vhd:72]
INFO: [Synth 8-3491] module 'pe' declared at '/home/nick/ECEC302/W6/Lab/array_multiplier/array_multiplier.srcs/sources_1/new/pe.vhd:34' bound to instance 'ELM' of component 'pe' [/home/nick/ECEC302/W6/Lab/array_multiplier/array_multiplier.srcs/sources_1/new/array_multiplier.vhd:75]
INFO: [Synth 8-256] done synthesizing module 'array_multiplier' (2#1) [/home/nick/ECEC302/W6/Lab/array_multiplier/array_multiplier.srcs/sources_1/new/array_multiplier.vhd:42]
INFO: [Synth 8-256] done synthesizing module 'test_multiplier' (3#1) [/home/nick/ECEC302/W6/Lab/array_multiplier/array_multiplier.srcs/sources_1/new/test_multiplier.vhd:40]
---------------------------------------------------------------------------------
Finished RTL Elaboration : Time (s): cpu = 00:00:02 ; elapsed = 00:00:03 . Memory (MB): peak = 1367.066 ; gain = 17.363 ; free physical = 12614 ; free virtual = 15718
---------------------------------------------------------------------------------

Report Check Netlist: 
+------+------------------+-------+---------+-------+------------------+
|      |Item              |Errors |Warnings |Status |Description       |
+------+------------------+-------+---------+-------+------------------+
|1     |multi_driven_nets |      0|        0|Passed |Multi driven nets |
+------+------------------+-------+---------+-------+------------------+
---------------------------------------------------------------------------------
Start Handling Custom Attributes
---------------------------------------------------------------------------------
---------------------------------------------------------------------------------
Finished Handling Custom Attributes : Time (s): cpu = 00:00:02 ; elapsed = 00:00:03 . Memory (MB): peak = 1367.066 ; gain = 17.363 ; free physical = 12614 ; free virtual = 15718
---------------------------------------------------------------------------------
---------------------------------------------------------------------------------
Finished RTL Optimization Phase 1 : Time (s): cpu = 00:00:02 ; elapsed = 00:00:03 . Memory (MB): peak = 1367.066 ; gain = 17.363 ; free physical = 12614 ; free virtual = 15718
---------------------------------------------------------------------------------
INFO: [Device 21-403] Loading part xc7a35tcpg236-1
INFO: [Project 1-570] Preparing netlist for logic optimization

Processing XDC Constraints
Initializing timing engine
Parsing XDC File [/home/nick/ECEC302/W6/Lab/array_multiplier/array_multiplier.srcs/constrs_1/imports/ECEC302/Basys3_Master.xdc]
Finished Parsing XDC File [/home/nick/ECEC302/W6/Lab/array_multiplier/array_multiplier.srcs/constrs_1/imports/ECEC302/Basys3_Master.xdc]
INFO: [Project 1-236] Implementation specific constraints were found while reading constraint file [/home/nick/ECEC302/W6/Lab/array_multiplier/array_multiplier.srcs/constrs_1/imports/ECEC302/Basys3_Master.xdc]. These constraints will be ignored for synthesis but will be used in implementation. Impacted constraints are listed in the file [.Xil/test_multiplier_propImpl.xdc].
Resolution: To avoid this warning, move constraints listed in [.Xil/test_multiplier_propImpl.xdc] to another XDC file and exclude this new file from synthesis with the used_in_synthesis property (File Properties dialog in GUI) and re-run elaboration/synthesis.
Netlist sorting complete. Time (s): cpu = 00:00:00 ; elapsed = 00:00:00 . Memory (MB): peak = 1682.465 ; gain = 0.000 ; free physical = 12338 ; free virtual = 15478
Completed Processing XDC Constraints

Netlist sorting complete. Time (s): cpu = 00:00:00 ; elapsed = 00:00:00 . Memory (MB): peak = 1682.465 ; gain = 0.000 ; free physical = 12339 ; free virtual = 15479
INFO: [Project 1-111] Unisim Transformation Summary:
No Unisim elements were transformed.

Netlist sorting complete. Time (s): cpu = 00:00:00 ; elapsed = 00:00:00 . Memory (MB): peak = 1682.465 ; gain = 0.000 ; free physical = 12339 ; free virtual = 15479
Constraint Validation Runtime : Time (s): cpu = 00:00:00 ; elapsed = 00:00:00 . Memory (MB): peak = 1682.465 ; gain = 0.000 ; free physical = 12339 ; free virtual = 15479
---------------------------------------------------------------------------------
Finished Constraint Validation : Time (s): cpu = 00:00:07 ; elapsed = 00:00:09 . Memory (MB): peak = 1682.465 ; gain = 332.762 ; free physical = 12405 ; free virtual = 15546
---------------------------------------------------------------------------------
---------------------------------------------------------------------------------
Start Loading Part and Timing Information
---------------------------------------------------------------------------------
Loading part: xc7a35tcpg236-1
---------------------------------------------------------------------------------
Finished Loading Part and Timing Information : Time (s): cpu = 00:00:07 ; elapsed = 00:00:09 . Memory (MB): peak = 1682.465 ; gain = 332.762 ; free physical = 12405 ; free virtual = 15545
---------------------------------------------------------------------------------
---------------------------------------------------------------------------------
Start Applying 'set_property' XDC Constraints
---------------------------------------------------------------------------------
---------------------------------------------------------------------------------
Finished applying 'set_property' XDC Constraints : Time (s): cpu = 00:00:07 ; elapsed = 00:00:09 . Memory (MB): peak = 1682.465 ; gain = 332.762 ; free physical = 12407 ; free virtual = 15547
---------------------------------------------------------------------------------
---------------------------------------------------------------------------------
Finished RTL Optimization Phase 2 : Time (s): cpu = 00:00:07 ; elapsed = 00:00:09 . Memory (MB): peak = 1682.465 ; gain = 332.762 ; free physical = 12405 ; free virtual = 15546
---------------------------------------------------------------------------------

Report RTL Partitions: 
+-+--------------+------------+----------+
| |RTL Partition |Replication |Instances |
+-+--------------+------------+----------+
+-+--------------+------------+----------+
---------------------------------------------------------------------------------
Start RTL Component Statistics 
---------------------------------------------------------------------------------
Detailed RTL Component Info : 
+---XORs : 
	   3 Input      1 Bit         XORs := 16    
---------------------------------------------------------------------------------
Finished RTL Component Statistics 
---------------------------------------------------------------------------------
---------------------------------------------------------------------------------
Start RTL Hierarchical Component Statistics 
---------------------------------------------------------------------------------
Hierarchical RTL Component report 
Module pe 
Detailed RTL Component Info : 
+---XORs : 
	   3 Input      1 Bit         XORs := 1     
---------------------------------------------------------------------------------
Finished RTL Hierarchical Component Statistics
---------------------------------------------------------------------------------
---------------------------------------------------------------------------------
Start Part Resource Summary
---------------------------------------------------------------------------------
Part Resources:
DSPs: 90 (col length:60)
BRAMs: 100 (col length: RAMB18 60 RAMB36 30)
---------------------------------------------------------------------------------
Finished Part Resource Summary
---------------------------------------------------------------------------------
---------------------------------------------------------------------------------
Start Cross Boundary and Area Optimization
---------------------------------------------------------------------------------
Warning: Parallel synthesis criteria is not met 
---------------------------------------------------------------------------------
Finished Cross Boundary and Area Optimization : Time (s): cpu = 00:00:07 ; elapsed = 00:00:09 . Memory (MB): peak = 1682.465 ; gain = 332.762 ; free physical = 12393 ; free virtual = 15537
---------------------------------------------------------------------------------

Report RTL Partitions: 
+-+--------------+------------+----------+
| |RTL Partition |Replication |Instances |
+-+--------------+------------+----------+
+-+--------------+------------+----------+
---------------------------------------------------------------------------------
Start Applying XDC Timing Constraints
---------------------------------------------------------------------------------
---------------------------------------------------------------------------------
Finished Applying XDC Timing Constraints : Time (s): cpu = 00:00:12 ; elapsed = 00:00:14 . Memory (MB): peak = 1682.465 ; gain = 332.762 ; free physical = 12262 ; free virtual = 15413
---------------------------------------------------------------------------------
---------------------------------------------------------------------------------
Start Timing Optimization
---------------------------------------------------------------------------------
---------------------------------------------------------------------------------
Finished Timing Optimization : Time (s): cpu = 00:00:12 ; elapsed = 00:00:14 . Memory (MB): peak = 1682.465 ; gain = 332.762 ; free physical = 12262 ; free virtual = 15413
---------------------------------------------------------------------------------

Report RTL Partitions: 
+-+--------------+------------+----------+
| |RTL Partition |Replication |Instances |
+-+--------------+------------+----------+
+-+--------------+------------+----------+
---------------------------------------------------------------------------------
Start Technology Mapping
---------------------------------------------------------------------------------
---------------------------------------------------------------------------------
Finished Technology Mapping : Time (s): cpu = 00:00:12 ; elapsed = 00:00:14 . Memory (MB): peak = 1682.465 ; gain = 332.762 ; free physical = 12260 ; free virtual = 15411
---------------------------------------------------------------------------------

Report RTL Partitions: 
+-+--------------+------------+----------+
| |RTL Partition |Replication |Instances |
+-+--------------+------------+----------+
+-+--------------+------------+----------+
---------------------------------------------------------------------------------
Start IO Insertion
---------------------------------------------------------------------------------
---------------------------------------------------------------------------------
Start Flattening Before IO Insertion
---------------------------------------------------------------------------------
---------------------------------------------------------------------------------
Finished Flattening Before IO Insertion
---------------------------------------------------------------------------------
---------------------------------------------------------------------------------
Start Final Netlist Cleanup
---------------------------------------------------------------------------------
---------------------------------------------------------------------------------
Finished Final Netlist Cleanup
---------------------------------------------------------------------------------
---------------------------------------------------------------------------------
Finished IO Insertion : Time (s): cpu = 00:00:13 ; elapsed = 00:00:14 . Memory (MB): peak = 1682.465 ; gain = 332.762 ; free physical = 12260 ; free virtual = 15411
---------------------------------------------------------------------------------

Report Check Netlist: 
+------+------------------+-------+---------+-------+------------------+
|      |Item              |Errors |Warnings |Status |Description       |
+------+------------------+-------+---------+-------+------------------+
|1     |multi_driven_nets |      0|        0|Passed |Multi driven nets |
+------+------------------+-------+---------+-------+------------------+
---------------------------------------------------------------------------------
Start Renaming Generated Instances
---------------------------------------------------------------------------------
---------------------------------------------------------------------------------
Finished Renaming Generated Instances : Time (s): cpu = 00:00:13 ; elapsed = 00:00:14 . Memory (MB): peak = 1682.465 ; gain = 332.762 ; free physical = 12260 ; free virtual = 15411
---------------------------------------------------------------------------------

Report RTL Partitions: 
+-+--------------+------------+----------+
| |RTL Partition |Replication |Instances |
+-+--------------+------------+----------+
+-+--------------+------------+----------+
---------------------------------------------------------------------------------
Start Rebuilding User Hierarchy
---------------------------------------------------------------------------------
---------------------------------------------------------------------------------
Finished Rebuilding User Hierarchy : Time (s): cpu = 00:00:13 ; elapsed = 00:00:14 . Memory (MB): peak = 1682.465 ; gain = 332.762 ; free physical = 12260 ; free virtual = 15411
---------------------------------------------------------------------------------
---------------------------------------------------------------------------------
Start Renaming Generated Ports
---------------------------------------------------------------------------------
---------------------------------------------------------------------------------
Finished Renaming Generated Ports : Time (s): cpu = 00:00:13 ; elapsed = 00:00:14 . Memory (MB): peak = 1682.465 ; gain = 332.762 ; free physical = 12260 ; free virtual = 15411
---------------------------------------------------------------------------------
---------------------------------------------------------------------------------
Start Handling Custom Attributes
---------------------------------------------------------------------------------
---------------------------------------------------------------------------------
Finished Handling Custom Attributes : Time (s): cpu = 00:00:13 ; elapsed = 00:00:14 . Memory (MB): peak = 1682.465 ; gain = 332.762 ; free physical = 12260 ; free virtual = 15411
---------------------------------------------------------------------------------
---------------------------------------------------------------------------------
Start Renaming Generated Nets
---------------------------------------------------------------------------------
---------------------------------------------------------------------------------
Finished Renaming Generated Nets : Time (s): cpu = 00:00:13 ; elapsed = 00:00:14 . Memory (MB): peak = 1682.465 ; gain = 332.762 ; free physical = 12260 ; free virtual = 15411
---------------------------------------------------------------------------------
---------------------------------------------------------------------------------
Start Writing Synthesis Report
---------------------------------------------------------------------------------

Report BlackBoxes: 
+-+--------------+----------+
| |BlackBox name |Instances |
+-+--------------+----------+
+-+--------------+----------+

Report Cell Usage: 
+------+-----+------+
|      |Cell |Count |
+------+-----+------+
|1     |LUT2 |     1|
|2     |LUT4 |     6|
|3     |LUT6 |    11|
|4     |IBUF |     8|
|5     |OBUF |     8|
+------+-----+------+

Report Instance Areas: 
+------+---------+-------+------+
|      |Instance |Module |Cells |
+------+---------+-------+------+
|1     |top      |       |    34|
+------+---------+-------+------+
---------------------------------------------------------------------------------
Finished Writing Synthesis Report : Time (s): cpu = 00:00:13 ; elapsed = 00:00:14 . Memory (MB): peak = 1682.465 ; gain = 332.762 ; free physical = 12260 ; free virtual = 15411
---------------------------------------------------------------------------------
Synthesis finished with 0 errors, 0 critical warnings and 0 warnings.
Synthesis Optimization Runtime : Time (s): cpu = 00:00:10 ; elapsed = 00:00:11 . Memory (MB): peak = 1682.465 ; gain = 17.363 ; free physical = 12314 ; free virtual = 15465
Synthesis Optimization Complete : Time (s): cpu = 00:00:13 ; elapsed = 00:00:14 . Memory (MB): peak = 1682.473 ; gain = 332.762 ; free physical = 12314 ; free virtual = 15465
INFO: [Project 1-571] Translating synthesized netlist
INFO: [Project 1-570] Preparing netlist for logic optimization
INFO: [Opt 31-138] Pushed 0 inverter(s) to 0 load pin(s).
Netlist sorting complete. Time (s): cpu = 00:00:00 ; elapsed = 00:00:00 . Memory (MB): peak = 1682.473 ; gain = 0.000 ; free physical = 12255 ; free virtual = 15407
INFO: [Project 1-111] Unisim Transformation Summary:
No Unisim elements were transformed.

INFO: [Common 17-83] Releasing license: Synthesis
33 Infos, 0 Warnings, 0 Critical Warnings and 0 Errors encountered.
synth_design completed successfully
synth_design: Time (s): cpu = 00:00:14 ; elapsed = 00:00:15 . Memory (MB): peak = 1682.473 ; gain = 332.906 ; free physical = 12303 ; free virtual = 15455
Netlist sorting complete. Time (s): cpu = 00:00:00 ; elapsed = 00:00:00 . Memory (MB): peak = 1682.473 ; gain = 0.000 ; free physical = 12303 ; free virtual = 15455
WARNING: [Constraints 18-5210] No constraints selected for write.
Resolution: This message can indicate that there are no constraints for the design, or it can indicate that the used_in flags are set such that the constraints are ignored. This later case is used when running synth_design to not write synthesis constraints to the resulting checkpoint. Instead, project constraints are read when the synthesized design is opened.
INFO: [Common 17-1381] The checkpoint '/home/nick/ECEC302/W6/Lab/array_multiplier/array_multiplier.runs/synth_1/test_multiplier.dcp' has been generated.
INFO: [runtcl-4] Executing : report_utilization -file test_multiplier_utilization_synth.rpt -pb test_multiplier_utilization_synth.pb
INFO: [Common 17-206] Exiting Vivado at Tue May 14 12:58:33 2019...
